#
# There is insufficient memory for the Java Runtime Environment to continue.
# Native memory allocation (malloc) failed to allocate 308896 bytes for Chunk::new
# Possible reasons:
#   The system is out of physical RAM or swap space
#   The process is running with CompressedOops enabled, and the Java Heap may be blocking the growth of the native heap
# Possible solutions:
#   Reduce memory load on the system
#   Increase physical memory or swap space
#   Check if swap backing store is full
#   Decrease Java heap size (-Xmx/-Xms)
#   Decrease number of Java threads
#   Decrease Java thread stack sizes (-Xss)
#   Set larger code cache with -XX:ReservedCodeCacheSize=
#   JVM is running with Unscaled Compressed Oops mode in which the Java heap is
#     placed in the first 4GB address space. The Java Heap base address is the
#     maximum limit for the native heap growth. Please use -XX:HeapBaseMinAddress
#     to set the Java Heap base and to place the Java Heap above 4GB virtual address.
# This output file may be truncated or incomplete.
#
#  Out of Memory Error (allocation.cpp:389), pid=11712, tid=0x0000000000002594
#
# JRE version: Java(TM) SE Runtime Environment (8.0_251-b08) (build 1.8.0_251-b08)
# Java VM: Java HotSpot(TM) 64-Bit Server VM (25.251-b08 mixed mode windows-amd64 compressed oops)
# Failed to write core dump. Minidumps are not enabled by default on client versions of Windows
#

---------------  T H R E A D  ---------------

Current thread (0x0000000017e45800):  JavaThread "C2 CompilerThread1" daemon [_thread_in_native, id=9620, stack(0x0000000019950000,0x0000000019a50000)]

Stack: [0x0000000019950000,0x0000000019a50000]
[error occurred during error reporting (printing stack bounds), id 0xc0000005]

Native frames: (J=compiled Java code, j=interpreted, Vv=VM code, C=native code)


Current CompileTask:
C2:   4602  743  s    4       sun.misc.URLClassPath::getNextLoader (88 bytes)


---------------  P R O C E S S  ---------------

Java Threads: ( => current thread )
  0x000000001921a000 JavaThread "Service Thread" daemon [_thread_blocked, id=7784, stack(0x0000000019b50000,0x0000000019c50000)]
  0x0000000017e47000 JavaThread "C1 CompilerThread2" daemon [_thread_in_native, id=10044, stack(0x0000000019a50000,0x0000000019b50000)]
=>0x0000000017e45800 JavaThread "C2 CompilerThread1" daemon [_thread_in_native, id=9620, stack(0x0000000019950000,0x0000000019a50000)]
  0x0000000017e42800 JavaThread "C2 CompilerThread0" daemon [_thread_in_native, id=3956, stack(0x0000000019850000,0x0000000019950000)]
  0x0000000017e37000 JavaThread "Monitor Ctrl-Break" daemon [_thread_in_native, id=5088, stack(0x0000000019750000,0x0000000019850000)]
  0x0000000017e27000 JavaThread "Attach Listener" daemon [_thread_blocked, id=4492, stack(0x0000000019650000,0x0000000019750000)]
  0x0000000017e13000 JavaThread "Signal Dispatcher" daemon [_thread_blocked, id=8468, stack(0x0000000019550000,0x0000000019650000)]
  0x000000000334d000 JavaThread "Finalizer" daemon [_thread_blocked, id=10280, stack(0x0000000019050000,0x0000000019150000)]
  0x0000000003344000 JavaThread "Reference Handler" daemon [_thread_blocked, id=8620, stack(0x0000000018f50000,0x0000000019050000)]
  0x0000000003254000 JavaThread "main" [_thread_in_Java, id=9948, stack(0x0000000003050000,0x0000000003150000)]

Other Threads:
  0x0000000017dc7800 VMThread [stack: 0x0000000018e50000,0x0000000018f50000] [id=560]
  0x0000000019231800 WatcherThread [stack: 0x0000000019c50000,0x0000000019d50000] [id=616]

VM state:not at safepoint (normal execution)

VM Mutex/Monitor currently owned by a thread: None

heap address: 0x0000000082600000, size: 2010 MB, Compressed Oops mode: 32-bit
Narrow klass base: 0x0000000000000000, Narrow klass shift: 3
Compressed class space size: 1073741824 Address: 0x0000000100000000

Heap:
 PSYoungGen      total 37888K, used 31155K [0x00000000d6200000, 0x00000000d8c00000, 0x0000000100000000)
  eden space 32768K, 95% used [0x00000000d6200000,0x00000000d806cc58,0x00000000d8200000)
  from space 5120K, 0% used [0x00000000d8700000,0x00000000d8700000,0x00000000d8c00000)
  to   space 5120K, 0% used [0x00000000d8200000,0x00000000d8200000,0x00000000d8700000)
 ParOldGen       total 86016K, used 0K [0x0000000082600000, 0x0000000087a00000, 0x00000000d6200000)
  object space 86016K, 0% used [0x0000000082600000,0x0000000082600000,0x0000000087a00000)
 Metaspace       used 11334K, capacity 11646K, committed 11776K, reserved 1060864K
  class space    used 1331K, capacity 1431K, committed 1536K, reserved 1048576K

Card table byte_map: [0x0000000012710000,0x0000000012b00000] byte_map_base: 0x00000000122fd000

Marking Bits: (ParMarkBitMap*) 0x00000000726caf90
 Begin Bits: [0x00000000131a0000, 0x0000000015108000)
 End Bits:   [0x0000000015108000, 0x0000000017070000)

Polling page: 0x0000000002a50000

CodeCache: size=245760Kb used=3041Kb max_used=3051Kb free=242718Kb
 bounds [0x0000000003350000, 0x0000000003650000, 0x0000000012350000]
 total_blobs=1105 nmethods=769 adapters=249
 compilation: enabled

Compilation events (10 events):
Event: 4.418 Thread 0x0000000017e47000 nmethod 746 0x0000000003633950 code [0x0000000003633aa0, 0x0000000003633c90]
Event: 4.418 Thread 0x0000000017e47000  747       3       java.util.Properties$LineReader::readLine (468 bytes)
Event: 4.424 Thread 0x0000000017e42800  751  s!   4       sun.misc.URLClassPath::getLoader (243 bytes)
Event: 4.425 Thread 0x0000000017e47000 nmethod 747 0x0000000003639d10 code [0x0000000003639fc0, 0x000000000363b968]
Event: 4.425 Thread 0x0000000017e47000  748       3       java.util.Hashtable::addEntry (87 bytes)
Event: 4.427 Thread 0x0000000017e47000 nmethod 748 0x0000000003635510 code [0x00000000036356c0, 0x0000000003635d18]
Event: 4.427 Thread 0x0000000017e47000  749       1       java.util.Hashtable$Entry::getKey (5 bytes)
Event: 4.427 Thread 0x0000000017e47000 nmethod 749 0x0000000003635250 code [0x00000000036353a0, 0x00000000036354b0]
Event: 4.427 Thread 0x0000000017e47000  750       1       java.util.Hashtable$Entry::getValue (5 bytes)
Event: 4.427 Thread 0x0000000017e47000 nmethod 750 0x000000000363c450 code [0x000000000363c5a0, 0x000000000363c6b0]

GC Heap History (0 events):
No events

Deoptimization events (7 events):
Event: 2.305 Thread 0x0000000003254000 Uncommon trap: reason=unstable_if action=reinterpret pc=0x00000000034f0024 method=java.lang.String.indexOf([CII[CIII)I @ 3
Event: 3.155 Thread 0x0000000003254000 Uncommon trap: reason=class_check action=maybe_recompile pc=0x0000000003545cc4 method=java.lang.String.equals(Ljava/lang/Object;)Z @ 8
Event: 3.155 Thread 0x0000000003254000 Uncommon trap: reason=class_check action=maybe_recompile pc=0x0000000003545cc4 method=java.lang.String.equals(Ljava/lang/Object;)Z @ 8
Event: 3.237 Thread 0x0000000003254000 Uncommon trap: reason=class_check action=maybe_recompile pc=0x0000000003545cc4 method=java.lang.String.equals(Ljava/lang/Object;)Z @ 8
Event: 3.278 Thread 0x0000000003254000 Uncommon trap: reason=class_check action=maybe_recompile pc=0x0000000003545cc4 method=java.lang.String.equals(Ljava/lang/Object;)Z @ 8
Event: 3.562 Thread 0x0000000003254000 Uncommon trap: reason=unstable_if action=reinterpret pc=0x000000000349b700 method=java.lang.CharacterData.of(I)Ljava/lang/CharacterData; @ 4
Event: 3.700 Thread 0x0000000003254000 Uncommon trap: reason=null_check action=make_not_entrant pc=0x00000000035cbb40 method=java.lang.String.equals(Ljava/lang/Object;)Z @ 8

Classes redefined (0 events):
No events

Internal exceptions (10 events):
Event: 1.628 Thread 0x0000000003254000 Exception <a 'java/security/PrivilegedActionException'> (0x00000000d654dc08) thrown at [C:\jenkins\workspace\8-2-build-windows-amd64-cygwin\jdk8u251\737\hotspot\src\share\vm\prims\jvm.cpp, line 1502]
Event: 1.631 Thread 0x0000000003254000 Exception <a 'java/security/PrivilegedActionException'> (0x00000000d654fe90) thrown at [C:\jenkins\workspace\8-2-build-windows-amd64-cygwin\jdk8u251\737\hotspot\src\share\vm\prims\jvm.cpp, line 1502]
Event: 1.631 Thread 0x0000000003254000 Exception <a 'java/security/PrivilegedActionException'> (0x00000000d65500a0) thrown at [C:\jenkins\workspace\8-2-build-windows-amd64-cygwin\jdk8u251\737\hotspot\src\share\vm\prims\jvm.cpp, line 1502]
Event: 1.714 Thread 0x0000000003254000 Exception <a 'java/security/PrivilegedActionException'> (0x00000000d6584c00) thrown at [C:\jenkins\workspace\8-2-build-windows-amd64-cygwin\jdk8u251\737\hotspot\src\share\vm\prims\jvm.cpp, line 1502]
Event: 1.714 Thread 0x0000000003254000 Exception <a 'java/security/PrivilegedActionException'> (0x00000000d6584e10) thrown at [C:\jenkins\workspace\8-2-build-windows-amd64-cygwin\jdk8u251\737\hotspot\src\share\vm\prims\jvm.cpp, line 1502]
Event: 2.605 Thread 0x0000000003254000 Exception <a 'java/lang/NoSuchFieldError': method resolution failed> (0x00000000d6c41008) thrown at [C:\jenkins\workspace\8-2-build-windows-amd64-cygwin\jdk8u251\737\hotspot\src\share\vm\prims\methodHandles.cpp, line 1167]
Event: 2.613 Thread 0x0000000003254000 Exception <a 'java/lang/NoSuchFieldError': method resolution failed> (0x00000000d6c4f070) thrown at [C:\jenkins\workspace\8-2-build-windows-amd64-cygwin\jdk8u251\737\hotspot\src\share\vm\prims\methodHandles.cpp, line 1167]
Event: 3.117 Thread 0x0000000003254000 Exception <a 'java/lang/NoSuchMethodError': java.lang.Object.lambda$comparingInt$7b0bb60$1(Ljava/util/function/ToIntFunction;Ljava/lang/Object;Ljava/lang/Object;)I> (0x00000000d70fcbe8) thrown at [C:\jenkins\workspace\8-2-build-windows-amd64-cygwin\jdk8u2
Event: 3.594 Thread 0x0000000003254000 Exception <a 'java/lang/NoClassDefFoundError': javax/servlet/ServletContext> (0x00000000d764a8b8) thrown at [C:\jenkins\workspace\8-2-build-windows-amd64-cygwin\jdk8u251\737\hotspot\src\share\vm\classfile\systemDictionary.cpp, line 199]
Event: 3.700 Thread 0x0000000003254000 Implicit null exception at 0x00000000035cb99b to 0x00000000035cbb31

Events (10 events):
Event: 4.481 loading class org/w3c/dom/Node
Event: 4.481 loading class org/w3c/dom/Node done
Event: 4.481 loading class org/w3c/dom/Element done
Event: 4.481 loading class com/sun/org/apache/xerces/internal/impl/xs/traversers/XSDocumentInfo
Event: 4.482 loading class com/sun/org/apache/xerces/internal/impl/xs/traversers/XSDocumentInfo done
Event: 4.482 loading class com/sun/org/apache/xerces/internal/impl/xs/opti/SchemaDOMParser
Event: 4.483 loading class com/sun/org/apache/xerces/internal/impl/xs/opti/DefaultXMLDocumentHandler
Event: 4.484 loading class com/sun/org/apache/xerces/internal/impl/xs/opti/DefaultXMLDocumentHandler done
Event: 4.484 loading class com/sun/org/apache/xerces/internal/impl/xs/opti/SchemaDOMParser done
Event: 4.485 loading class com/sun/org/apache/xerces/internal/impl/xs/opti/SchemaParsingConfig


Dynamic libraries:
0x00007ff640900000 - 0x00007ff640937000 	D:\java\1.8\bin\java.exe
0x00007ff95b7d0000 - 0x00007ff95b9bd000 	C:\Windows\SYSTEM32\ntdll.dll
0x00007ff959680000 - 0x00007ff959733000 	C:\Windows\System32\KERNEL32.DLL
0x00007ff958380000 - 0x00007ff958613000 	C:\Windows\System32\KERNELBASE.dll
0x00007ff958e60000 - 0x00007ff958f03000 	C:\Windows\System32\ADVAPI32.dll
0x00007ff958d40000 - 0x00007ff958dde000 	C:\Windows\System32\msvcrt.dll
0x00007ff95b3d0000 - 0x00007ff95b46e000 	C:\Windows\System32\sechost.dll
0x00007ff959740000 - 0x00007ff959862000 	C:\Windows\System32\RPCRT4.dll
0x00007ff95b0d0000 - 0x00007ff95b267000 	C:\Windows\System32\USER32.dll
0x00007ff9588e0000 - 0x00007ff958900000 	C:\Windows\System32\win32u.dll
0x00007ff959920000 - 0x00007ff959949000 	C:\Windows\System32\GDI32.dll
0x00007ff9586c0000 - 0x00007ff95885a000 	C:\Windows\System32\gdi32full.dll
0x00007ff958620000 - 0x00007ff9586c0000 	C:\Windows\System32\msvcp_win.dll
0x00007ff958280000 - 0x00007ff95837a000 	C:\Windows\System32\ucrtbase.dll
0x00007ff944220000 - 0x00007ff944499000 	C:\Windows\WinSxS\amd64_microsoft.windows.common-controls_6595b64144ccf1df_6.0.17763.348_none_05b73c0a071d7a57\COMCTL32.dll
0x00007ff95b470000 - 0x00007ff95b79d000 	C:\Windows\System32\combase.dll
0x00007ff958860000 - 0x00007ff9588de000 	C:\Windows\System32\bcryptPrimitives.dll
0x00007ff959590000 - 0x00007ff9595be000 	C:\Windows\System32\IMM32.DLL
0x0000000072750000 - 0x0000000072822000 	D:\java\1.8\jre\bin\msvcr100.dll
0x0000000071ea0000 - 0x000000007274b000 	D:\java\1.8\jre\bin\server\jvm.dll
0x00007ff959a90000 - 0x00007ff959a98000 	C:\Windows\System32\PSAPI.DLL
0x00007ff93ba20000 - 0x00007ff93ba29000 	C:\Windows\SYSTEM32\WSOCK32.dll
0x00007ff959a20000 - 0x00007ff959a8d000 	C:\Windows\System32\WS2_32.dll
0x00007ff94f2e0000 - 0x00007ff94f304000 	C:\Windows\SYSTEM32\WINMM.dll
0x00007ff94f2b0000 - 0x00007ff94f2dd000 	C:\Windows\SYSTEM32\WINMMBASE.dll
0x00007ff958900000 - 0x00007ff95894a000 	C:\Windows\System32\cfgmgr32.dll
0x00007ff9573e0000 - 0x00007ff9573ea000 	C:\Windows\SYSTEM32\VERSION.dll
0x00007ff942b20000 - 0x00007ff942b2f000 	D:\java\1.8\jre\bin\verify.dll
0x00007ff942af0000 - 0x00007ff942b19000 	D:\java\1.8\jre\bin\java.dll
0x00007ff942930000 - 0x00007ff942953000 	D:\java\1.8\jre\bin\instrument.dll
0x00007ff942ad0000 - 0x00007ff942ae6000 	D:\java\1.8\jre\bin\zip.dll
0x00007ff959b00000 - 0x00007ff95aff0000 	C:\Windows\System32\SHELL32.dll
0x00007ff959870000 - 0x00007ff959918000 	C:\Windows\System32\shcore.dll
0x00007ff957ae0000 - 0x00007ff95822a000 	C:\Windows\System32\windows.storage.dll
0x00007ff9577f0000 - 0x00007ff957814000 	C:\Windows\System32\profapi.dll
0x00007ff957840000 - 0x00007ff95789d000 	C:\Windows\System32\powrprof.dll
0x00007ff95aff0000 - 0x00007ff95b042000 	C:\Windows\System32\shlwapi.dll
0x00007ff9577d0000 - 0x00007ff9577e1000 	C:\Windows\System32\kernel.appcore.dll
0x00007ff958260000 - 0x00007ff958277000 	C:\Windows\System32\cryptsp.dll
0x00007ff949ba0000 - 0x00007ff949bba000 	D:\Program Files\IntelliJ IDEA 2018.3.2\bin\breakgen64.dll
0x00007ff942ab0000 - 0x00007ff942aca000 	D:\java\1.8\jre\bin\net.dll
0x00007ff956fe0000 - 0x00007ff957047000 	C:\Windows\system32\mswsock.dll

VM Arguments:
jvm_args: -ea -Didea.test.cyclic.buffer.size=1048576 -javaagent:D:\Program Files\IntelliJ IDEA 2018.3.2\lib\idea_rt.jar=63205:D:\Program Files\IntelliJ IDEA 2018.3.2\bin -Dfile.encoding=UTF-8 
java_command: com.intellij.rt.execution.junit.JUnitStarter -ideVersion5 -junit4 com.ringo.AppTest,test
java_class_path (initial): D:\Program Files\IntelliJ IDEA 2018.3.2\lib\idea_rt.jar;D:\Program Files\IntelliJ IDEA 2018.3.2\plugins\junit\lib\junit-rt.jar;D:\Program Files\IntelliJ IDEA 2018.3.2\plugins\junit\lib\junit5-rt.jar;D:\java\1.8\jre\lib\charsets.jar;D:\java\1.8\jre\lib\deploy.jar;D:\java\1.8\jre\lib\ext\access-bridge-64.jar;D:\java\1.8\jre\lib\ext\cldrdata.jar;D:\java\1.8\jre\lib\ext\dnsns.jar;D:\java\1.8\jre\lib\ext\jaccess.jar;D:\java\1.8\jre\lib\ext\jfxrt.jar;D:\java\1.8\jre\lib\ext\localedata.jar;D:\java\1.8\jre\lib\ext\nashorn.jar;D:\java\1.8\jre\lib\ext\sunec.jar;D:\java\1.8\jre\lib\ext\sunjce_provider.jar;D:\java\1.8\jre\lib\ext\sunmscapi.jar;D:\java\1.8\jre\lib\ext\sunpkcs11.jar;D:\java\1.8\jre\lib\ext\zipfs.jar;D:\java\1.8\jre\lib\javaws.jar;D:\java\1.8\jre\lib\jce.jar;D:\java\1.8\jre\lib\jfr.jar;D:\java\1.8\jre\lib\jfxswt.jar;D:\java\1.8\jre\lib\jsse.jar;D:\java\1.8\jre\lib\management-agent.jar;D:\java\1.8\jre\lib\plugin.jar;D:\java\1.8\jre\lib\resources.jar;D:\java\1.8\jre\lib\rt.jar;D:\project\springtrans\target\test-classes;D:\project\springtrans\target\classes;D:\maven-repository\junit\junit\4.12\junit-4.12.jar;D:\maven-repository\org\hamcrest\hamcrest-core\1.3\hamcrest-core-1.3.jar;D:\maven-repository\org\springframework\spring-context\5.2.9.RELEASE\spring-context-5.2.9.RELEASE.jar;D:\maven-repository\org\springframework\spring-aop\5.2.9.RELEASE\spring-aop-5.2.9.RELEASE.jar;D:\maven-repository\org\springframework\spring-beans\5.2.9.RELEASE\spring-beans-5.2.9.RELEASE.jar;D:\maven-repository\org\springframework\spring-core\5.2.9.RELEASE\spring-core-5.2.9.RELEASE.jar;D:\maven-repository\org\springframework\spring-jcl\5.2.9.RELEASE\spring-jcl-5.2.9.RELEASE.jar;D:\maven-repository\org\springframework\spring-expression\5.2.9.RELEASE\spring-expression-5.2.9.RELEASE.jar;D:\maven-repository\org\springframework\spring-test\5.2.9.RELEASE\spring-test-5.2.9.RELEASE.jar;D:\maven-repository\org\aspectj\aspectjweaver\1.9.5\aspectjweaver-1.9.5.jar;D:\maven-
Launcher Type: SUN_STANDARD

Environment Variables:
JAVA_HOME=D:\java\1.8
CLASSPATH=.;D:\java\1.8\lib
PATH=D:\oracle\bin;C:\Program Files (x86)\Common Files\Oracle\Java\javapath;D:\Program Files\xmanager\Xlpd 6\;D:\Program Files\xmanager\Xftp 6\;D:\Program Files\xshell\;C:\Windows\system32;C:\Windows;C:\Windows\System32\Wbem;C:\Windows\System32\WindowsPowerShell\v1.0\;C:\Windows\System32\OpenSSH\;C:\Program Files (x86)\Intel\Intel(R) Management Engine Components\DAL;C:\Program Files\Intel\Intel(R) Management Engine Components\DAL;D:\Program Files\go\bin;D:\Program Files\Navicat Premium 12\instantclient_12_2;C:\Program Files\Microsoft SQL Server\110\Tools\Binn\;C:\instantclient_11_2;D:\Program Files\mysql\active perl\bin;D:\Program Files\mysql\GnuWin32\bin;D:\mysql-5.7.29-winx64\bin;C:\Program Files\Microsoft SQL Server\120\DTS\Binn\;C:\Program Files\Microsoft SQL Server\Client SDK\ODBC\110\Tools\Binn\;C:\Program Files (x86)\Microsoft SQL Server\120\Tools\Binn\;C:\Program Files\Microsoft SQL Server\120\Tools\Binn\;C:\Program Files (x86)\Microsoft SQL Server\120\Tools\Binn\ManagementStudio\;C:\Program Files (x86)\Microsoft SQL Server\120\DTS\Binn\;D:\MinGW\bin;D:\Program Files\apache-maven-3.6.3\bin;D:\java\1.8\bin;D:\nodejs\;D:\nodejs\node_global;C:\Program Files\dotnet\;C:\Program Files\Microsoft SQL Server\130\Tools\Binn\;C:\Program Files\Microsoft SQL Server\Client SDK\ODBC\170\Tools\Binn\;D:\Program Files\svn\bin;D:\git\Git\cmd;D:\lang\py3.7\Scripts\;D:\lang\py3.7\;C:\Users\Administrator\AppData\Local\Microsoft\WindowsApps;C:\Users\Administrator\go\bin;"D:\java\1.8\bin;D:\java\1.8\jre\bin";;D:\Program Files\PyCharm 2019.1.1\bin;;D:\Program Files\IntelliJ IDEA 2018.3.2\bin;;D:\Program Files\Microsoft VS Code\bin;D:\Program Files\Fiddler;C:\Users\Administrator\AppData\Roaming\npm;C:\Users\Administrator\.dotnet\tools
USERNAME=Administrator
OS=Windows_NT
PROCESSOR_IDENTIFIER=Intel64 Family 6 Model 142 Stepping 11, GenuineIntel



---------------  S Y S T E M  ---------------

OS: Windows 10.0 , 64 bit Build 17763 (10.0.17763.292)

CPU:total 4 (initial active 4) (4 cores per cpu, 2 threads per core) family 6 model 142 stepping 11, cmov, cx8, fxsr, mmx, sse, sse2, sse3, ssse3, sse4.1, sse4.2, popcnt, avx, avx2, aes, clmul, erms, 3dnowpref, lzcnt, ht, tsc, tscinvbit, bmi1, bmi2, adx

Memory: 4k page, physical 8230164k(2587404k free), swap 10327316k(6988k free)

vm_info: Java HotSpot(TM) 64-Bit Server VM (25.251-b08) for windows-amd64 JRE (1.8.0_251-b08), built on Mar 12 2020 06:31:49 by "" with MS VC++ 10.0 (VS2010)

time: Tue Sep 07 15:27:23 2021
timezone: 中国标准时间
elapsed time: 4 seconds (0d 0h 0m 4s)

